<?xml version="1.0" encoding="UTF-8"?>
<testsuite xmlns:xsi="http://www.w3.org/2001/XMLSchema-instance" xsi:noNamespaceSchemaLocation="https://maven.apache.org/surefire/maven-surefire-plugin/xsd/surefire-test-report.xsd" version="3.0.2" name="com.hackaboss.docker_project.DockerProjectApplicationTests" time="6.859" tests="1" errors="0" skipped="0" failures="0">
  <properties>
[...]
</properties>
  <testcase name="contextLoads" classname="com.hackaboss.docker_project.DockerProjectApplicationTests" time="1.929">
    <system-out><![CDATA[19:08:44.693 [main] INFO org.springframework.test.context.support.AnnotationConfigContextLoaderUtils -- Could not detect default configuration classes for test class [com.hackaboss.docker_project.DockerProjectApplicationTests]: DockerProjectApplicationTests does not declare any static, non-private, non-final, nested classes annotated with @Configuration.
19:08:45.009 [main] INFO org.springframework.boot.test.context.SpringBootTestContextBootstrapper -- Found @SpringBootConfiguration com.hackaboss.docker_project.DockerProjectApplication for test class com.hackaboss.docker_project.DockerProjectApplicationTests

  .   ____          _            __ _ _
 /\\ / ___'_ __ _ _(_)_ __  __ _ \ \ \ \
( ( )\___ | '_ | '_| | '_ \/ _` | \ \ \ \
 \\/  ___)| |_)| | | | | || (_| |  ) ) ) )
  '  |____| .__|_| |_|_| |_\__, | / / / /
 =========|_|==============|___/=/_/_/_/

 :: Spring Boot ::                (v3.5.5)

2025-09-19T19:08:46.315+02:00  INFO 13712 --- [docker-project] [           main] c.h.d.DockerProjectApplicationTests      : Starting DockerProjectApplicationTests using Java 24.0.1 with PID 13712 (started by shipu in C:\Users\shipu\Documents\Programacion\spring\docker2\prueba-docker)
2025-09-19T19:08:46.317+02:00  INFO 13712 --- [docker-project] [           main] c.h.d.DockerProjectApplicationTests      : No active profile set, falling back to 1 default profile: "default"
2025-09-19T19:08:49.234+02:00  INFO 13712 --- [docker-project] [           main] c.h.d.DockerProjectApplicationTests      : Started DockerProjectApplicationTests in 3.835 seconds (process running for 6.979)
]]></system-out>
    <system-err><![CDATA[Mockito is currently self-attaching to enable the inline-mock-maker. This will no longer work in future releases of the JDK. Please add Mockito as an agent to your build as described in Mockito's documentation: https://javadoc.io/doc/org.mockito/mockito-core/latest/org.mockito/org/mockito/Mockito.html#0.3
WARNING: A Java agent has been loaded dynamically (C:\Users\shipu\.m2\repository\net\bytebuddy\byte-buddy-agent\1.17.7\byte-buddy-agent-1.17.7.jar)
WARNING: If a serviceability tool is in use, please run with -XX:+EnableDynamicAgentLoading to hide this warning
WARNING: If a serviceability tool is not in use, please run with -Djdk.instrument.traceUsage for more information
WARNING: Dynamic loading of agents will be disallowed by default in a future release
]]></system-err>
  </testcase>
</testsuite>